Using pre-set license
Built from '2020.3/staging' branch; Version is '2020.3.21f1 (a38c86f6690f) revision 10718342'; Using compiler version '192528614'; Build Type 'Release'
OS: 'Windows 10 Pro; OS build 19043.1466; Version 2009; 64bit' Language: 'en' Physical Memory: 16338 MB
BatchMode: 1, IsHumanControllingUs: 0, StartBugReporterOnCrash: 0, Is64bit: 1, IsPro: 0

COMMAND LINE ARGUMENTS:
C:\Program Files\Unity\Hub\Editor\2020.3.21f1\Editor\Unity.exe
-adb2
-batchMode
-noUpm
-name
AssetImportWorker2
-projectPath
C:/Users/rain1/GALA MOBILE
-logFile
Logs/AssetImportWorker2.log
-srvPort
58269
Successfully changed project path to: C:/Users/rain1/GALA MOBILE
C:/Users/rain1/GALA MOBILE
Using Asset Import Pipeline V2.
Refreshing native plugins compatible for Editor in 879.89 ms, found 3 plugins.
Preloading 0 native plugins for Editor in 0.00 ms.
Initialize engine version: 2020.3.21f1 (a38c86f6690f)
[Subsystems] Discovering subsystems at path C:/Program Files/Unity/Hub/Editor/2020.3.21f1/Editor/Data/Resources/UnitySubsystems
[Subsystems] Discovering subsystems at path C:/Users/rain1/GALA MOBILE/Assets
GfxDevice: creating device client; threaded=0
Direct3D:
    Version:  Direct3D 11.0 [level 11.0]
    Renderer: NVIDIA Quadro K2200 (ID=0x13ba)
    Vendor:   
    VRAM:     4053 MB
    Driver:   30.0.14.7239
Initialize mono
Mono path[0] = 'C:/Program Files/Unity/Hub/Editor/2020.3.21f1/Editor/Data/Managed'
Mono path[1] = 'C:/Program Files/Unity/Hub/Editor/2020.3.21f1/Editor/Data/MonoBleedingEdge/lib/mono/unityjit'
Mono config path = 'C:/Program Files/Unity/Hub/Editor/2020.3.21f1/Editor/Data/MonoBleedingEdge/etc'
Using monoOptions --debugger-agent=transport=dt_socket,embedding=1,server=y,suspend=n,address=127.0.0.1:56660
Begin MonoManager ReloadAssembly
Registering precompiled unity dll's ...
Register platform support module: C:/Program Files/Unity/Hub/Editor/2020.3.21f1/Editor/Data/PlaybackEngines/WindowsStandaloneSupport/UnityEditor.WindowsStandalone.Extensions.dll
Registered in 0.004451 seconds.
Native extension for WindowsStandalone target not found
Refreshing native plugins compatible for Editor in 737.77 ms, found 3 plugins.
Preloading 0 native plugins for Editor in 0.00 ms.
Mono: successfully reloaded assembly
- Completed reload, in  4.832 seconds
Domain Reload Profiling:
	ReloadAssembly (4833ms)
		BeginReloadAssembly (108ms)
			ExecutionOrderSort (0ms)
			DisableScriptedObjects (0ms)
			BackupInstance (0ms)
			ReleaseScriptingObjects (0ms)
			CreateAndSetChildDomain (1ms)
		EndReloadAssembly (1608ms)
			LoadAssemblies (104ms)
			RebuildTransferFunctionScriptingTraits (0ms)
			SetupTypeCache (267ms)
			ReleaseScriptCaches (0ms)
			RebuildScriptCaches (62ms)
			SetupLoadedEditorAssemblies (1031ms)
				LogAssemblyErrors (0ms)
				InitializePlatformSupportModulesInManaged (13ms)
				SetLoadedEditorAssemblies (0ms)
				RefreshPlugins (738ms)
				BeforeProcessingInitializeOnLoad (31ms)
				ProcessInitializeOnLoadAttributes (172ms)
				ProcessInitializeOnLoadMethodAttributes (75ms)
				AfterProcessingInitializeOnLoad (0ms)
				EditorAssembliesLoaded (0ms)
			ExecutionOrderSort2 (0ms)
			AwakeInstancesAfterBackupRestoration (0ms)
Platform modules already initialized, skipping
Registering precompiled user dll's ...
Registered in 0.027008 seconds.
Begin MonoManager ReloadAssembly
Native extension for WindowsStandalone target not found
Refreshing native plugins compatible for Editor in 970.05 ms, found 3 plugins.
Preloading 0 native plugins for Editor in 0.00 ms.
Mono: successfully reloaded assembly
- Completed reload, in  3.579 seconds
Domain Reload Profiling:
	ReloadAssembly (3588ms)
		BeginReloadAssembly (357ms)
			ExecutionOrderSort (0ms)
			DisableScriptedObjects (22ms)
			BackupInstance (0ms)
			ReleaseScriptingObjects (0ms)
			CreateAndSetChildDomain (52ms)
		EndReloadAssembly (3111ms)
			LoadAssemblies (262ms)
			RebuildTransferFunctionScriptingTraits (0ms)
			SetupTypeCache (619ms)
			ReleaseScriptCaches (1ms)
			RebuildScriptCaches (192ms)
			SetupLoadedEditorAssemblies (1816ms)
				LogAssemblyErrors (0ms)
				InitializePlatformSupportModulesInManaged (9ms)
				SetLoadedEditorAssemblies (0ms)
				RefreshPlugins (970ms)
				BeforeProcessingInitializeOnLoad (203ms)
				ProcessInitializeOnLoadAttributes (568ms)
				ProcessInitializeOnLoadMethodAttributes (48ms)
				AfterProcessingInitializeOnLoad (17ms)
				EditorAssembliesLoaded (0ms)
			ExecutionOrderSort2 (0ms)
			AwakeInstancesAfterBackupRestoration (15ms)
Platform modules already initialized, skipping
========================================================================
Worker process is ready to serve import requests
Launched and connected shader compiler UnityShaderCompiler.exe after 0.27 seconds
Refreshing native plugins compatible for Editor in 9.33 ms, found 3 plugins.
Preloading 0 native plugins for Editor in 0.00 ms.
Unloading 2421 Unused Serialized files (Serialized files now loaded: 0)
System memory in use before: 137.1 MB.
System memory in use after: 137.3 MB.

Unloading 43 unused Assets to reduce memory usage. Loaded Objects now: 2845.
Total: 11.614700 ms (FindLiveObjects: 0.975800 ms CreateObjectMapping: 0.777100 ms MarkObjects: 9.669800 ms  DeleteObjects: 0.188100 ms)

AssetImportParameters requested are different than current active one (requested -> active):
  custom:framework-win-MediaFoundation: 216162199b28c13a410421893ffa2e32 -> 
  custom:video-decoder-ogg-theora: a1e56fd34408186e4bbccfd4996cb3dc -> 
  custom:container-muxer-webm: aa71ff27fc2769a1b78a27578f13a17b -> 
  custom:container-demuxer-webm: 4f35f7cbe854078d1ac9338744f61a02 -> 
  custom:container-demuxer-ogg: 62fdf1f143b41e24485cea50d1cbac27 -> 
  custom:video-encoder-webm-vp8: eb34c28f22e8b96e1ab97ce403110664 -> 
  custom:video-decoder-webm-vp8: 9c59270c3fd7afecdb556c50c9e8de78 -> 
  custom:audio-decoder-ogg-vorbis: bf7c407c2cedff20999df2af8eb42d56 -> 
  custom:audio-encoder-webm-vorbis: bf7c407c2cedff20999df2af8eb42d56 -> 
========================================================================
Received Import Request.
  path: Assets/Art/New Art/Chart2.png
  artifactKey: Guid(03717f06d9f8c1a48bccdd7295ff7780) Importer(815301076,1909f56bfc062723c751e8b465ee728b)
Start importing Assets/Art/New Art/Chart2.png using Guid(03717f06d9f8c1a48bccdd7295ff7780) Importer(815301076,1909f56bfc062723c751e8b465ee728b)  -> (artifact id: '2d317f4899340154b297966a6a093a0c') in 0.567850 seconds 
  Import took 0.584333 seconds .

========================================================================
Received Import Request.
  Time since last request: 49.027304 seconds.
  path: Assets/Art/New Art/DeskChair.png
  artifactKey: Guid(49dd975b57af34d4b8f0c93564124246) Importer(815301076,1909f56bfc062723c751e8b465ee728b)
Start importing Assets/Art/New Art/DeskChair.png using Guid(49dd975b57af34d4b8f0c93564124246) Importer(815301076,1909f56bfc062723c751e8b465ee728b)  -> (artifact id: '1b2d6e78034ecf39c94dc65d0eb9b988') in 0.037233 seconds 
  Import took 0.052850 seconds .

========================================================================
Received Import Request.
  Time since last request: 15.155260 seconds.
  path: Assets/Art/New Art/DeskChair.png
  artifactKey: Guid(49dd975b57af34d4b8f0c93564124246) Importer(815301076,1909f56bfc062723c751e8b465ee728b)
Start importing Assets/Art/New Art/DeskChair.png using Guid(49dd975b57af34d4b8f0c93564124246) Importer(815301076,1909f56bfc062723c751e8b465ee728b)  -> (artifact id: 'be7252a63ec4faf6e690150d81b8a472') in 0.051927 seconds 
  Import took 0.073663 seconds .

========================================================================
Received Import Request.
  Time since last request: 17.211590 seconds.
  path: Assets/Art/New Art/DeskChair.png
  artifactKey: Guid(49dd975b57af34d4b8f0c93564124246) Importer(815301076,1909f56bfc062723c751e8b465ee728b)
Start importing Assets/Art/New Art/DeskChair.png using Guid(49dd975b57af34d4b8f0c93564124246) Importer(815301076,1909f56bfc062723c751e8b465ee728b)  -> (artifact id: '096bc98b8827b8600bc3d269dedd7fb4') in 0.083209 seconds 
  Import took 0.109472 seconds .

========================================================================
Received Import Request.
  Time since last request: 250.069779 seconds.
  path: Assets/Art/New Art/poster1.png
  artifactKey: Guid(bc62b26ac6ac7264c8279ae75d264183) Importer(815301076,1909f56bfc062723c751e8b465ee728b)
Start importing Assets/Art/New Art/poster1.png using Guid(bc62b26ac6ac7264c8279ae75d264183) Importer(815301076,1909f56bfc062723c751e8b465ee728b)  -> (artifact id: 'bf8065ef3d551cb10356a7cbf1cf98e0') in 0.066717 seconds 
  Import took 0.102576 seconds .

========================================================================
Received Import Request.
  Time since last request: 14.798451 seconds.
  path: Assets/Art/New Art/poster1.png
  artifactKey: Guid(bc62b26ac6ac7264c8279ae75d264183) Importer(815301076,1909f56bfc062723c751e8b465ee728b)
Start importing Assets/Art/New Art/poster1.png using Guid(bc62b26ac6ac7264c8279ae75d264183) Importer(815301076,1909f56bfc062723c751e8b465ee728b)  -> (artifact id: '6aa6c002c770437549c48f88f1ad72f5') in 0.026825 seconds 
  Import took 0.046226 seconds .

========================================================================
Received Import Request.
  Time since last request: 15.397630 seconds.
  path: Assets/Art/New Art/poster1.png
  artifactKey: Guid(bc62b26ac6ac7264c8279ae75d264183) Importer(815301076,1909f56bfc062723c751e8b465ee728b)
Start importing Assets/Art/New Art/poster1.png using Guid(bc62b26ac6ac7264c8279ae75d264183) Importer(815301076,1909f56bfc062723c751e8b465ee728b)  -> (artifact id: 'a781ef9f612006a841edf539f9a8cf79') in 0.065586 seconds 
  Import took 0.084911 seconds .

========================================================================
Received Import Request.
  Time since last request: 1840.107910 seconds.
  path: Assets/Art/New Art/Toilet.png
  artifactKey: Guid(cf753db976904e44a851bf8cb82cbb61) Importer(815301076,1909f56bfc062723c751e8b465ee728b)
Start importing Assets/Art/New Art/Toilet.png using Guid(cf753db976904e44a851bf8cb82cbb61) Importer(815301076,1909f56bfc062723c751e8b465ee728b)  -> (artifact id: '4b80b3a593f9c10f335d01422151e902') in 0.059059 seconds 
  Import took 0.077545 seconds .

========================================================================
Received Import Request.
  Time since last request: 13.504744 seconds.
  path: Assets/Art/New Art/Toilet.png
  artifactKey: Guid(cf753db976904e44a851bf8cb82cbb61) Importer(815301076,1909f56bfc062723c751e8b465ee728b)
Start importing Assets/Art/New Art/Toilet.png using Guid(cf753db976904e44a851bf8cb82cbb61) Importer(815301076,1909f56bfc062723c751e8b465ee728b)  -> (artifact id: '82767a069d39da5d690f8d8fdba207f5') in 0.030976 seconds 
  Import took 0.045824 seconds .

========================================================================
Received Import Request.
  Time since last request: 10.391664 seconds.
  path: Assets/Art/New Art/Toilet.png
  artifactKey: Guid(cf753db976904e44a851bf8cb82cbb61) Importer(815301076,1909f56bfc062723c751e8b465ee728b)
Start importing Assets/Art/New Art/Toilet.png using Guid(cf753db976904e44a851bf8cb82cbb61) Importer(815301076,1909f56bfc062723c751e8b465ee728b)  -> (artifact id: '3139c2231fe598d164283fd19bbb74fc') in 0.055328 seconds 
  Import took 0.072754 seconds .

========================================================================
Received Import Request.
  Time since last request: 89.514404 seconds.
  path: Assets/Art/New Art/Sink.png
  artifactKey: Guid(8cd33aebb6a83394bb38fd0228fee97b) Importer(815301076,1909f56bfc062723c751e8b465ee728b)
Start importing Assets/Art/New Art/Sink.png using Guid(8cd33aebb6a83394bb38fd0228fee97b) Importer(815301076,1909f56bfc062723c751e8b465ee728b)  -> (artifact id: '7444ece0363db9d591dbf80e43bd1674') in 0.042356 seconds 
  Import took 0.060361 seconds .

========================================================================
Received Import Request.
  Time since last request: 11.184190 seconds.
  path: Assets/Art/New Art/Sink.png
  artifactKey: Guid(8cd33aebb6a83394bb38fd0228fee97b) Importer(815301076,1909f56bfc062723c751e8b465ee728b)
Start importing Assets/Art/New Art/Sink.png using Guid(8cd33aebb6a83394bb38fd0228fee97b) Importer(815301076,1909f56bfc062723c751e8b465ee728b)  -> (artifact id: 'b40c1dd8df29d0eb3dcff5ed1ca70c34') in 0.028669 seconds 
  Import took 0.049843 seconds .

========================================================================
Received Import Request.
  Time since last request: 7.369964 seconds.
  path: Assets/Art/New Art/Sink.png
  artifactKey: Guid(8cd33aebb6a83394bb38fd0228fee97b) Importer(815301076,1909f56bfc062723c751e8b465ee728b)
Start importing Assets/Art/New Art/Sink.png using Guid(8cd33aebb6a83394bb38fd0228fee97b) Importer(815301076,1909f56bfc062723c751e8b465ee728b)  -> (artifact id: 'b06b15be2bca2c89469f1f1eed844a7f') in 0.071619 seconds 
  Import took 0.084652 seconds .

========================================================================
Received Import Request.
  Time since last request: 99.590477 seconds.
  path: Assets/Art/New Art/mirror.png
  artifactKey: Guid(df76a2be6a9593a49a89452a9545ce60) Importer(815301076,1909f56bfc062723c751e8b465ee728b)
Start importing Assets/Art/New Art/mirror.png using Guid(df76a2be6a9593a49a89452a9545ce60) Importer(815301076,1909f56bfc062723c751e8b465ee728b)  -> (artifact id: '48c0411442f078675a6aa295dbe813f2') in 0.046218 seconds 
  Import took 0.063104 seconds .

========================================================================
Received Import Request.
  Time since last request: 13.399321 seconds.
  path: Assets/Art/New Art/mirror.png
  artifactKey: Guid(df76a2be6a9593a49a89452a9545ce60) Importer(815301076,1909f56bfc062723c751e8b465ee728b)
Start importing Assets/Art/New Art/mirror.png using Guid(df76a2be6a9593a49a89452a9545ce60) Importer(815301076,1909f56bfc062723c751e8b465ee728b)  -> (artifact id: 'c9a9892dd06171dc3b7c9055e523eb4b') in 0.034809 seconds 
  Import took 0.054563 seconds .

========================================================================
Received Import Request.
  Time since last request: 10.272813 seconds.
  path: Assets/Art/New Art/mirror.png
  artifactKey: Guid(df76a2be6a9593a49a89452a9545ce60) Importer(815301076,1909f56bfc062723c751e8b465ee728b)
Start importing Assets/Art/New Art/mirror.png using Guid(df76a2be6a9593a49a89452a9545ce60) Importer(815301076,1909f56bfc062723c751e8b465ee728b)  -> (artifact id: '55bbcda66597ed663fe116f8957545a8') in 0.046926 seconds 
  Import took 0.065522 seconds .

AssetImportWorkerClient::OnTransportError - code=2 error=End of file
