Using pre-set license
Built from '2020.3/staging' branch; Version is '2020.3.21f1 (a38c86f6690f) revision 10718342'; Using compiler version '192528614'; Build Type 'Release'
OS: 'Windows 10 Pro; OS build 19043.1466; Version 2009; 64bit' Language: 'en' Physical Memory: 16338 MB
BatchMode: 1, IsHumanControllingUs: 0, StartBugReporterOnCrash: 0, Is64bit: 1, IsPro: 0

COMMAND LINE ARGUMENTS:
C:\Program Files\Unity\Hub\Editor\2020.3.21f1\Editor\Unity.exe
-adb2
-batchMode
-noUpm
-name
AssetImportWorker1
-projectPath
C:/Users/rain1/GALA MOBILE
-logFile
Logs/AssetImportWorker1.log
-srvPort
59721
Successfully changed project path to: C:/Users/rain1/GALA MOBILE
C:/Users/rain1/GALA MOBILE
Using Asset Import Pipeline V2.
Refreshing native plugins compatible for Editor in 585.67 ms, found 3 plugins.
Preloading 0 native plugins for Editor in 0.00 ms.
Initialize engine version: 2020.3.21f1 (a38c86f6690f)
[Subsystems] Discovering subsystems at path C:/Program Files/Unity/Hub/Editor/2020.3.21f1/Editor/Data/Resources/UnitySubsystems
[Subsystems] Discovering subsystems at path C:/Users/rain1/GALA MOBILE/Assets
GfxDevice: creating device client; threaded=0
Direct3D:
    Version:  Direct3D 11.0 [level 11.0]
    Renderer: NVIDIA Quadro K2200 (ID=0x13ba)
    Vendor:   
    VRAM:     4053 MB
    Driver:   30.0.14.7239
Initialize mono
Mono path[0] = 'C:/Program Files/Unity/Hub/Editor/2020.3.21f1/Editor/Data/Managed'
Mono path[1] = 'C:/Program Files/Unity/Hub/Editor/2020.3.21f1/Editor/Data/MonoBleedingEdge/lib/mono/unityjit'
Mono config path = 'C:/Program Files/Unity/Hub/Editor/2020.3.21f1/Editor/Data/MonoBleedingEdge/etc'
Using monoOptions --debugger-agent=transport=dt_socket,embedding=1,server=y,suspend=n,address=127.0.0.1:56256
Begin MonoManager ReloadAssembly
Registering precompiled unity dll's ...
Register platform support module: C:/Program Files/Unity/Hub/Editor/2020.3.21f1/Editor/Data/PlaybackEngines/WindowsStandaloneSupport/UnityEditor.WindowsStandalone.Extensions.dll
Registered in 0.003051 seconds.
Native extension for WindowsStandalone target not found
Refreshing native plugins compatible for Editor in 512.51 ms, found 3 plugins.
Preloading 0 native plugins for Editor in 0.00 ms.
Mono: successfully reloaded assembly
- Completed reload, in  3.094 seconds
Domain Reload Profiling:
	ReloadAssembly (3095ms)
		BeginReloadAssembly (92ms)
			ExecutionOrderSort (0ms)
			DisableScriptedObjects (0ms)
			BackupInstance (0ms)
			ReleaseScriptingObjects (0ms)
			CreateAndSetChildDomain (1ms)
		EndReloadAssembly (1204ms)
			LoadAssemblies (87ms)
			RebuildTransferFunctionScriptingTraits (0ms)
			SetupTypeCache (239ms)
			ReleaseScriptCaches (0ms)
			RebuildScriptCaches (49ms)
			SetupLoadedEditorAssemblies (732ms)
				LogAssemblyErrors (0ms)
				InitializePlatformSupportModulesInManaged (6ms)
				SetLoadedEditorAssemblies (0ms)
				RefreshPlugins (513ms)
				BeforeProcessingInitializeOnLoad (24ms)
				ProcessInitializeOnLoadAttributes (131ms)
				ProcessInitializeOnLoadMethodAttributes (58ms)
				AfterProcessingInitializeOnLoad (0ms)
				EditorAssembliesLoaded (0ms)
			ExecutionOrderSort2 (0ms)
			AwakeInstancesAfterBackupRestoration (0ms)
Platform modules already initialized, skipping
Registering precompiled user dll's ...
Registered in 0.020966 seconds.
Begin MonoManager ReloadAssembly
Native extension for WindowsStandalone target not found
Refreshing native plugins compatible for Editor in 683.08 ms, found 3 plugins.
Preloading 0 native plugins for Editor in 0.00 ms.
Mono: successfully reloaded assembly
- Completed reload, in  8.684 seconds
Domain Reload Profiling:
	ReloadAssembly (8692ms)
		BeginReloadAssembly (226ms)
			ExecutionOrderSort (0ms)
			DisableScriptedObjects (8ms)
			BackupInstance (0ms)
			ReleaseScriptingObjects (0ms)
			CreateAndSetChildDomain (37ms)
		EndReloadAssembly (8366ms)
			LoadAssemblies (4129ms)
			RebuildTransferFunctionScriptingTraits (0ms)
			SetupTypeCache (1504ms)
			ReleaseScriptCaches (1ms)
			RebuildScriptCaches (111ms)
			SetupLoadedEditorAssemblies (2347ms)
				LogAssemblyErrors (0ms)
				InitializePlatformSupportModulesInManaged (7ms)
				SetLoadedEditorAssemblies (0ms)
				RefreshPlugins (683ms)
				BeforeProcessingInitializeOnLoad (136ms)
				ProcessInitializeOnLoadAttributes (586ms)
				ProcessInitializeOnLoadMethodAttributes (922ms)
				AfterProcessingInitializeOnLoad (11ms)
				EditorAssembliesLoaded (0ms)
			ExecutionOrderSort2 (0ms)
			AwakeInstancesAfterBackupRestoration (12ms)
Platform modules already initialized, skipping
========================================================================
Worker process is ready to serve import requests
Launched and connected shader compiler UnityShaderCompiler.exe after 0.19 seconds
Refreshing native plugins compatible for Editor in 7.41 ms, found 3 plugins.
Preloading 0 native plugins for Editor in 0.00 ms.
Unloading 2319 Unused Serialized files (Serialized files now loaded: 0)
System memory in use before: 114.9 MB.
System memory in use after: 115.1 MB.

Unloading 43 unused Assets to reduce memory usage. Loaded Objects now: 2743.
Total: 6.090200 ms (FindLiveObjects: 0.604700 ms CreateObjectMapping: 0.360500 ms MarkObjects: 4.987100 ms  DeleteObjects: 0.136100 ms)

AssetImportParameters requested are different than current active one (requested -> active):
  custom:framework-win-MediaFoundation: 216162199b28c13a410421893ffa2e32 -> 
  custom:video-decoder-ogg-theora: a1e56fd34408186e4bbccfd4996cb3dc -> 
  custom:container-muxer-webm: aa71ff27fc2769a1b78a27578f13a17b -> 
  custom:container-demuxer-webm: 4f35f7cbe854078d1ac9338744f61a02 -> 
  custom:container-demuxer-ogg: 62fdf1f143b41e24485cea50d1cbac27 -> 
  custom:video-encoder-webm-vp8: eb34c28f22e8b96e1ab97ce403110664 -> 
  custom:video-decoder-webm-vp8: 9c59270c3fd7afecdb556c50c9e8de78 -> 
  custom:audio-decoder-ogg-vorbis: bf7c407c2cedff20999df2af8eb42d56 -> 
  custom:audio-encoder-webm-vorbis: bf7c407c2cedff20999df2af8eb42d56 -> 
========================================================================
Received Import Request.
  path: Assets/Scenes/Church-Indoor.unity
  artifactKey: Guid(63fb41a0ce9ea884092562928e5bcc06) Importer(815301076,1909f56bfc062723c751e8b465ee728b)
Start importing Assets/Scenes/Church-Indoor.unity using Guid(63fb41a0ce9ea884092562928e5bcc06) Importer(815301076,1909f56bfc062723c751e8b465ee728b)  -> (artifact id: '2c9116c42fb64ace903340f52898a4f3') in 0.037064 seconds 
  Import took 0.047648 seconds .

========================================================================
Received Import Request.
  Time since last request: 7.170212 seconds.
  path: Assets/Scenes/church.unity
  artifactKey: Guid(97eb82b0c18668c42bc38b4e46714007) Importer(815301076,1909f56bfc062723c751e8b465ee728b)
Start importing Assets/Scenes/church.unity using Guid(97eb82b0c18668c42bc38b4e46714007) Importer(815301076,1909f56bfc062723c751e8b465ee728b)  -> (artifact id: '8527c4a26626dd16f6e5023267707f5d') in 0.016425 seconds 
  Import took 0.026648 seconds .

========================================================================
Received Import Request.
  Time since last request: 208.309643 seconds.
  path: Assets/Scenes/Church-Indoor.unity
  artifactKey: Guid(63fb41a0ce9ea884092562928e5bcc06) Importer(815301076,1909f56bfc062723c751e8b465ee728b)
Start importing Assets/Scenes/Church-Indoor.unity using Guid(63fb41a0ce9ea884092562928e5bcc06) Importer(815301076,1909f56bfc062723c751e8b465ee728b)  -> (artifact id: '5223f23e503ad4255ea3c43fb8632eed') in 0.015261 seconds 
  Import took 0.029121 seconds .

========================================================================
Received Import Request.
  Time since last request: 1975.512562 seconds.
  path: Assets/Scenes/Church-Indoor.unity
  artifactKey: Guid(63fb41a0ce9ea884092562928e5bcc06) Importer(815301076,1909f56bfc062723c751e8b465ee728b)
Start importing Assets/Scenes/Church-Indoor.unity using Guid(63fb41a0ce9ea884092562928e5bcc06) Importer(815301076,1909f56bfc062723c751e8b465ee728b)  -> (artifact id: 'd88911d2d32b6326654f89d2dcc48de7') in 0.008390 seconds 
  Import took 0.018794 seconds .

========================================================================
Received Import Request.
  Time since last request: 5221.030717 seconds.
  path: Assets/Scenes/Church-Indoor.unity
  artifactKey: Guid(63fb41a0ce9ea884092562928e5bcc06) Importer(815301076,1909f56bfc062723c751e8b465ee728b)
Start importing Assets/Scenes/Church-Indoor.unity using Guid(63fb41a0ce9ea884092562928e5bcc06) Importer(815301076,1909f56bfc062723c751e8b465ee728b)  -> (artifact id: '20e51e16c65b82f72457f410f993a5b0') in 0.014596 seconds 
  Import took 0.024815 seconds .

========================================================================
Received Import Request.
  Time since last request: 156.381757 seconds.
  path: Assets/Scenes/school grounds.unity
  artifactKey: Guid(6d1fd83000735d6498cd42448fd65a09) Importer(815301076,1909f56bfc062723c751e8b465ee728b)
Start importing Assets/Scenes/school grounds.unity using Guid(6d1fd83000735d6498cd42448fd65a09) Importer(815301076,1909f56bfc062723c751e8b465ee728b)  -> (artifact id: '6f1ed98f32672ee609ba0c29bb4a2f4a') in 0.013940 seconds 
  Import took 0.024487 seconds .

========================================================================
Received Import Request.
  Time since last request: 2525.446544 seconds.
  path: Assets/Scenes/school grounds.unity
  artifactKey: Guid(6d1fd83000735d6498cd42448fd65a09) Importer(815301076,1909f56bfc062723c751e8b465ee728b)
Start importing Assets/Scenes/school grounds.unity using Guid(6d1fd83000735d6498cd42448fd65a09) Importer(815301076,1909f56bfc062723c751e8b465ee728b)  -> (artifact id: '1fa73cae1aba018e81d8418e43a56350') in 0.014692 seconds 
  Import took 0.026578 seconds .

========================================================================
Received Import Request.
  Time since last request: 16525.333909 seconds.
  path: Assets/Scenes/school building.unity
  artifactKey: Guid(de4b986894b550841ab6967ce15eac63) Importer(815301076,1909f56bfc062723c751e8b465ee728b)
Start importing Assets/Scenes/school building.unity using Guid(de4b986894b550841ab6967ce15eac63) Importer(815301076,1909f56bfc062723c751e8b465ee728b)  -> (artifact id: '3b47ce2df3846a76a32fb57696148ab0') in 0.025322 seconds 
  Import took 0.110401 seconds .

========================================================================
Received Import Request.
  Time since last request: 701.894259 seconds.
  path: Assets/Scenes/school building.unity
  artifactKey: Guid(de4b986894b550841ab6967ce15eac63) Importer(815301076,1909f56bfc062723c751e8b465ee728b)
Start importing Assets/Scenes/school building.unity using Guid(de4b986894b550841ab6967ce15eac63) Importer(815301076,1909f56bfc062723c751e8b465ee728b)  -> (artifact id: '4bb9873966456db8ee78a47c0c1fe8cf') in 0.007220 seconds 
  Import took 0.020394 seconds .

========================================================================
Received Import Request.
  Time since last request: 4422.853239 seconds.
  path: Assets/Scenes/school building.unity
  artifactKey: Guid(de4b986894b550841ab6967ce15eac63) Importer(815301076,1909f56bfc062723c751e8b465ee728b)
Start importing Assets/Scenes/school building.unity using Guid(de4b986894b550841ab6967ce15eac63) Importer(815301076,1909f56bfc062723c751e8b465ee728b)  -> (artifact id: '4bfdc9c1de6b0b7c853b229562e9c1c2') in 0.014017 seconds 
  Import took 0.079375 seconds .

========================================================================
Received Import Request.
  Time since last request: 265.998443 seconds.
  path: Assets/Scenes/school building.unity
  artifactKey: Guid(de4b986894b550841ab6967ce15eac63) Importer(815301076,1909f56bfc062723c751e8b465ee728b)
Start importing Assets/Scenes/school building.unity using Guid(de4b986894b550841ab6967ce15eac63) Importer(815301076,1909f56bfc062723c751e8b465ee728b)  -> (artifact id: 'c0359f040317577dc36c1c00baf65e9e') in 0.007104 seconds 
  Import took 0.022464 seconds .

AssetImportWorkerClient::OnTransportError - code=2 error=End of file
